<?xml version="1.0" encoding="UTF-8"?>
<!-- Generated by org.testng.reporters.JUnitXMLReporter -->
<testsuite ignored="0" hostname="Sanjai" failures="0" tests="17" name="Default test" time="229.596" errors="0" timestamp="2025-01-20T21:44:28 IST">
  <testcase classname="all.AllinOne" name="ConfirmationAlert" time="0.209"/>
  <testcase classname="all.AllinOne" name="Countrydrop" time="4.503"/>
  <testcase classname="all.AllinOne" name="DatePicker1" time="1.126"/>
  <testcase classname="all.AllinOne" name="DragAndDrop" time="3.063"/>
  <testcase classname="all.AllinOne" name="Errorcode" time="2.56"/>
  <testcase classname="all.AllinOne" name="HiddenElement" time="7.036"/>
  <testcase classname="all.AllinOne" name="MouseHover" time="0.026"/>
  <testcase classname="all.AllinOne" name="NewWindow" time="42.142"/>
  <testcase classname="all.AllinOne" name="PromptAlert" time="3.182"/>
  <testcase classname="all.AllinOne" name="ScreeShot" time="0.339"/>
  <testcase classname="all.AllinOne" name="SimpleAlert" time="3.167"/>
  <testcase classname="all.AllinOne" name="daysCheckbox" time="3.301"/>
  <testcase classname="all.AllinOne" name="enterName" time="3.85"/>
  <testcase classname="all.AllinOne" name="form" time="3.326"/>
  <testcase classname="all.AllinOne" name="gender" time="3.285"/>
  <testcase classname="all.AllinOne" name="table" time="0.045"/>
  <testcase classname="all.AllinOne" name="uploadFile" time="3.085"/>
</testsuite> <!-- Default test -->
