<?xml version="1.0" encoding="UTF-8"?>
<testng-results ignored="0" total="16" passed="16" failed="0" skipped="0">
  <reporter-output>
  </reporter-output>
  <suite started-at="2025-01-20T19:20:21 IST" name="Default suite" finished-at="2025-01-20T19:25:00 IST" duration-ms="279145">
    <groups>
    </groups>
    <test started-at="2025-01-20T19:20:21 IST" name="Default test" finished-at="2025-01-20T19:25:00 IST" duration-ms="279145">
      <class name="all.AllinOne">
        <test-method is-config="true" signature="setup()[pri:0, instance:all.AllinOne@22d6f11]" started-at="2025-01-20T19:20:21 IST" name="setup" finished-at="2025-01-20T19:20:43 IST" duration-ms="21893" status="PASS">
          <reporter-output>
          </reporter-output>
        </test-method> <!-- setup -->
        <test-method signature="ConfirmationAlert()[pri:0, instance:all.AllinOne@22d6f11]" started-at="2025-01-20T19:20:43 IST" name="ConfirmationAlert" finished-at="2025-01-20T19:20:43 IST" duration-ms="179" status="PASS">
          <reporter-output>
          </reporter-output>
        </test-method> <!-- ConfirmationAlert -->
        <test-method is-config="true" signature="teardown()[pri:0, instance:all.AllinOne@22d6f11]" started-at="2025-01-20T19:20:43 IST" name="teardown" finished-at="2025-01-20T19:20:43 IST" duration-ms="333" status="PASS">
          <reporter-output>
          </reporter-output>
        </test-method> <!-- teardown -->
        <test-method is-config="true" signature="setup()[pri:0, instance:all.AllinOne@22d6f11]" started-at="2025-01-20T19:20:43 IST" name="setup" finished-at="2025-01-20T19:20:49 IST" duration-ms="6139" status="PASS">
          <reporter-output>
          </reporter-output>
        </test-method> <!-- setup -->
        <test-method signature="Countrydrop()[pri:0, instance:all.AllinOne@22d6f11]" started-at="2025-01-20T19:20:49 IST" name="Countrydrop" finished-at="2025-01-20T19:20:54 IST" duration-ms="4432" status="PASS">
          <reporter-output>
          </reporter-output>
        </test-method> <!-- Countrydrop -->
        <test-method is-config="true" signature="teardown()[pri:0, instance:all.AllinOne@22d6f11]" started-at="2025-01-20T19:20:54 IST" name="teardown" finished-at="2025-01-20T19:20:54 IST" duration-ms="385" status="PASS">
          <reporter-output>
          </reporter-output>
        </test-method> <!-- teardown -->
        <test-method is-config="true" signature="setup()[pri:0, instance:all.AllinOne@22d6f11]" started-at="2025-01-20T19:20:54 IST" name="setup" finished-at="2025-01-20T19:21:02 IST" duration-ms="7545" status="PASS">
          <reporter-output>
          </reporter-output>
        </test-method> <!-- setup -->
        <test-method signature="DatePicker1()[pri:0, instance:all.AllinOne@22d6f11]" started-at="2025-01-20T19:21:02 IST" name="DatePicker1" finished-at="2025-01-20T19:21:03 IST" duration-ms="1058" status="PASS">
          <reporter-output>
          </reporter-output>
        </test-method> <!-- DatePicker1 -->
        <test-method is-config="true" signature="teardown()[pri:0, instance:all.AllinOne@22d6f11]" started-at="2025-01-20T19:21:03 IST" name="teardown" finished-at="2025-01-20T19:21:03 IST" duration-ms="319" status="PASS">
          <reporter-output>
          </reporter-output>
        </test-method> <!-- teardown -->
        <test-method is-config="true" signature="setup()[pri:0, instance:all.AllinOne@22d6f11]" started-at="2025-01-20T19:21:03 IST" name="setup" finished-at="2025-01-20T19:21:11 IST" duration-ms="7862" status="PASS">
          <reporter-output>
          </reporter-output>
        </test-method> <!-- setup -->
        <test-method signature="DragAndDrop()[pri:0, instance:all.AllinOne@22d6f11]" started-at="2025-01-20T19:21:11 IST" name="DragAndDrop" finished-at="2025-01-20T19:21:14 IST" duration-ms="3068" status="PASS">
          <reporter-output>
          </reporter-output>
        </test-method> <!-- DragAndDrop -->
        <test-method is-config="true" signature="teardown()[pri:0, instance:all.AllinOne@22d6f11]" started-at="2025-01-20T19:21:14 IST" name="teardown" finished-at="2025-01-20T19:21:14 IST" duration-ms="326" status="PASS">
          <reporter-output>
          </reporter-output>
        </test-method> <!-- teardown -->
        <test-method is-config="true" signature="setup()[pri:0, instance:all.AllinOne@22d6f11]" started-at="2025-01-20T19:21:14 IST" name="setup" finished-at="2025-01-20T19:21:23 IST" duration-ms="8460" status="PASS">
          <reporter-output>
          </reporter-output>
        </test-method> <!-- setup -->
        <test-method signature="Errorcode()[pri:0, instance:all.AllinOne@22d6f11]" started-at="2025-01-20T19:21:23 IST" name="Errorcode" finished-at="2025-01-20T19:21:25 IST" duration-ms="2462" status="PASS">
          <reporter-output>
          </reporter-output>
        </test-method> <!-- Errorcode -->
        <test-method is-config="true" signature="teardown()[pri:0, instance:all.AllinOne@22d6f11]" started-at="2025-01-20T19:21:25 IST" name="teardown" finished-at="2025-01-20T19:21:25 IST" duration-ms="302" status="PASS">
          <reporter-output>
          </reporter-output>
        </test-method> <!-- teardown -->
        <test-method is-config="true" signature="setup()[pri:0, instance:all.AllinOne@22d6f11]" started-at="2025-01-20T19:21:25 IST" name="setup" finished-at="2025-01-20T19:21:33 IST" duration-ms="7130" status="PASS">
          <reporter-output>
          </reporter-output>
        </test-method> <!-- setup -->
        <test-method signature="HiddenElement()[pri:0, instance:all.AllinOne@22d6f11]" started-at="2025-01-20T19:21:33 IST" name="HiddenElement" finished-at="2025-01-20T19:21:39 IST" duration-ms="6065" status="PASS">
          <reporter-output>
          </reporter-output>
        </test-method> <!-- HiddenElement -->
        <test-method is-config="true" signature="teardown()[pri:0, instance:all.AllinOne@22d6f11]" started-at="2025-01-20T19:21:39 IST" name="teardown" finished-at="2025-01-20T19:21:39 IST" duration-ms="398" status="PASS">
          <reporter-output>
          </reporter-output>
        </test-method> <!-- teardown -->
        <test-method is-config="true" signature="setup()[pri:0, instance:all.AllinOne@22d6f11]" started-at="2025-01-20T19:21:39 IST" name="setup" finished-at="2025-01-20T19:21:46 IST" duration-ms="7141" status="PASS">
          <reporter-output>
          </reporter-output>
        </test-method> <!-- setup -->
        <test-method signature="MouseHover()[pri:0, instance:all.AllinOne@22d6f11]" started-at="2025-01-20T19:21:46 IST" name="MouseHover" finished-at="2025-01-20T19:21:46 IST" duration-ms="26" status="PASS">
          <reporter-output>
          </reporter-output>
        </test-method> <!-- MouseHover -->
        <test-method is-config="true" signature="teardown()[pri:0, instance:all.AllinOne@22d6f11]" started-at="2025-01-20T19:21:46 IST" name="teardown" finished-at="2025-01-20T19:21:46 IST" duration-ms="280" status="PASS">
          <reporter-output>
          </reporter-output>
        </test-method> <!-- teardown -->
        <test-method is-config="true" signature="setup()[pri:0, instance:all.AllinOne@22d6f11]" started-at="2025-01-20T19:21:46 IST" name="setup" finished-at="2025-01-20T19:21:53 IST" duration-ms="6409" status="PASS">
          <reporter-output>
          </reporter-output>
        </test-method> <!-- setup -->
        <test-method signature="NewWindow()[pri:0, instance:all.AllinOne@22d6f11]" started-at="2025-01-20T19:21:53 IST" name="NewWindow" finished-at="2025-01-20T19:22:33 IST" duration-ms="40387" status="PASS">
          <reporter-output>
          </reporter-output>
        </test-method> <!-- NewWindow -->
        <test-method is-config="true" signature="teardown()[pri:0, instance:all.AllinOne@22d6f11]" started-at="2025-01-20T19:22:33 IST" name="teardown" finished-at="2025-01-20T19:22:34 IST" duration-ms="414" status="PASS">
          <reporter-output>
          </reporter-output>
        </test-method> <!-- teardown -->
        <test-method is-config="true" signature="setup()[pri:0, instance:all.AllinOne@22d6f11]" started-at="2025-01-20T19:22:34 IST" name="setup" finished-at="2025-01-20T19:22:39 IST" duration-ms="5437" status="PASS">
          <reporter-output>
          </reporter-output>
        </test-method> <!-- setup -->
        <test-method signature="PromptAlert()[pri:0, instance:all.AllinOne@22d6f11]" started-at="2025-01-20T19:22:39 IST" name="PromptAlert" finished-at="2025-01-20T19:22:42 IST" duration-ms="3188" status="PASS">
          <reporter-output>
          </reporter-output>
        </test-method> <!-- PromptAlert -->
        <test-method is-config="true" signature="teardown()[pri:0, instance:all.AllinOne@22d6f11]" started-at="2025-01-20T19:22:42 IST" name="teardown" finished-at="2025-01-20T19:22:43 IST" duration-ms="342" status="PASS">
          <reporter-output>
          </reporter-output>
        </test-method> <!-- teardown -->
        <test-method is-config="true" signature="setup()[pri:0, instance:all.AllinOne@22d6f11]" started-at="2025-01-20T19:22:43 IST" name="setup" finished-at="2025-01-20T19:22:52 IST" duration-ms="9385" status="PASS">
          <reporter-output>
          </reporter-output>
        </test-method> <!-- setup -->
        <test-method signature="SimpleAlert()[pri:0, instance:all.AllinOne@22d6f11]" started-at="2025-01-20T19:22:52 IST" name="SimpleAlert" finished-at="2025-01-20T19:22:55 IST" duration-ms="3163" status="PASS">
          <reporter-output>
          </reporter-output>
        </test-method> <!-- SimpleAlert -->
        <test-method is-config="true" signature="teardown()[pri:0, instance:all.AllinOne@22d6f11]" started-at="2025-01-20T19:22:55 IST" name="teardown" finished-at="2025-01-20T19:22:56 IST" duration-ms="326" status="PASS">
          <reporter-output>
          </reporter-output>
        </test-method> <!-- teardown -->
        <test-method is-config="true" signature="setup()[pri:0, instance:all.AllinOne@22d6f11]" started-at="2025-01-20T19:22:56 IST" name="setup" finished-at="2025-01-20T19:23:01 IST" duration-ms="5886" status="PASS">
          <reporter-output>
          </reporter-output>
        </test-method> <!-- setup -->
        <test-method signature="daysCheckbox()[pri:0, instance:all.AllinOne@22d6f11]" started-at="2025-01-20T19:23:01 IST" name="daysCheckbox" finished-at="2025-01-20T19:23:05 IST" duration-ms="3274" status="PASS">
          <reporter-output>
          </reporter-output>
        </test-method> <!-- daysCheckbox -->
        <test-method is-config="true" signature="teardown()[pri:0, instance:all.AllinOne@22d6f11]" started-at="2025-01-20T19:23:05 IST" name="teardown" finished-at="2025-01-20T19:23:05 IST" duration-ms="392" status="PASS">
          <reporter-output>
          </reporter-output>
        </test-method> <!-- teardown -->
        <test-method is-config="true" signature="setup()[pri:0, instance:all.AllinOne@22d6f11]" started-at="2025-01-20T19:23:05 IST" name="setup" finished-at="2025-01-20T19:23:12 IST" duration-ms="7128" status="PASS">
          <reporter-output>
          </reporter-output>
        </test-method> <!-- setup -->
        <test-method signature="enterName()[pri:0, instance:all.AllinOne@22d6f11]" started-at="2025-01-20T19:23:12 IST" name="enterName" finished-at="2025-01-20T19:23:16 IST" duration-ms="3816" status="PASS">
          <reporter-output>
          </reporter-output>
        </test-method> <!-- enterName -->
        <test-method is-config="true" signature="teardown()[pri:0, instance:all.AllinOne@22d6f11]" started-at="2025-01-20T19:23:16 IST" name="teardown" finished-at="2025-01-20T19:23:16 IST" duration-ms="323" status="PASS">
          <reporter-output>
          </reporter-output>
        </test-method> <!-- teardown -->
        <test-method is-config="true" signature="setup()[pri:0, instance:all.AllinOne@22d6f11]" started-at="2025-01-20T19:23:16 IST" name="setup" finished-at="2025-01-20T19:23:25 IST" duration-ms="8760" status="PASS">
          <reporter-output>
          </reporter-output>
        </test-method> <!-- setup -->
        <test-method signature="form()[pri:0, instance:all.AllinOne@22d6f11]" started-at="2025-01-20T19:23:25 IST" name="form" finished-at="2025-01-20T19:23:28 IST" duration-ms="3316" status="PASS">
          <reporter-output>
          </reporter-output>
        </test-method> <!-- form -->
        <test-method is-config="true" signature="teardown()[pri:0, instance:all.AllinOne@22d6f11]" started-at="2025-01-20T19:23:28 IST" name="teardown" finished-at="2025-01-20T19:23:29 IST" duration-ms="311" status="PASS">
          <reporter-output>
          </reporter-output>
        </test-method> <!-- teardown -->
        <test-method is-config="true" signature="setup()[pri:0, instance:all.AllinOne@22d6f11]" started-at="2025-01-20T19:23:29 IST" name="setup" finished-at="2025-01-20T19:23:52 IST" duration-ms="23279" status="PASS">
          <reporter-output>
          </reporter-output>
        </test-method> <!-- setup -->
        <test-method signature="gender()[pri:0, instance:all.AllinOne@22d6f11]" started-at="2025-01-20T19:23:52 IST" name="gender" finished-at="2025-01-20T19:23:55 IST" duration-ms="3285" status="PASS">
          <reporter-output>
          </reporter-output>
        </test-method> <!-- gender -->
        <test-method is-config="true" signature="teardown()[pri:0, instance:all.AllinOne@22d6f11]" started-at="2025-01-20T19:23:55 IST" name="teardown" finished-at="2025-01-20T19:23:56 IST" duration-ms="357" status="PASS">
          <reporter-output>
          </reporter-output>
        </test-method> <!-- teardown -->
        <test-method is-config="true" signature="setup()[pri:0, instance:all.AllinOne@22d6f11]" started-at="2025-01-20T19:23:56 IST" name="setup" finished-at="2025-01-20T19:24:10 IST" duration-ms="13805" status="PASS">
          <reporter-output>
          </reporter-output>
        </test-method> <!-- setup -->
        <test-method signature="table()[pri:0, instance:all.AllinOne@22d6f11]" started-at="2025-01-20T19:24:10 IST" name="table" finished-at="2025-01-20T19:24:10 IST" duration-ms="52" status="PASS">
          <reporter-output>
          </reporter-output>
        </test-method> <!-- table -->
        <test-method is-config="true" signature="teardown()[pri:0, instance:all.AllinOne@22d6f11]" started-at="2025-01-20T19:24:10 IST" name="teardown" finished-at="2025-01-20T19:24:10 IST" duration-ms="351" status="PASS">
          <reporter-output>
          </reporter-output>
        </test-method> <!-- teardown -->
        <test-method is-config="true" signature="setup()[pri:0, instance:all.AllinOne@22d6f11]" started-at="2025-01-20T19:24:10 IST" name="setup" finished-at="2025-01-20T19:24:56 IST" duration-ms="46332" status="PASS">
          <reporter-output>
          </reporter-output>
        </test-method> <!-- setup -->
        <test-method signature="uploadFile()[pri:0, instance:all.AllinOne@22d6f11]" started-at="2025-01-20T19:24:56 IST" name="uploadFile" finished-at="2025-01-20T19:24:59 IST" duration-ms="3086" status="PASS">
          <reporter-output>
          </reporter-output>
        </test-method> <!-- uploadFile -->
        <test-method is-config="true" signature="teardown()[pri:0, instance:all.AllinOne@22d6f11]" started-at="2025-01-20T19:24:59 IST" name="teardown" finished-at="2025-01-20T19:25:00 IST" duration-ms="387" status="PASS">
          <reporter-output>
          </reporter-output>
        </test-method> <!-- teardown -->
      </class> <!-- all.AllinOne -->
    </test> <!-- Default test -->
  </suite> <!-- Default suite -->
</testng-results>
