<?xml version="1.0" encoding="UTF-8"?>
<testng-results ignored="0" total="17" passed="17" failed="0" skipped="0">
  <reporter-output>
  </reporter-output>
  <suite started-at="2025-01-20T21:40:39 IST" name="Default suite" finished-at="2025-01-20T21:44:28 IST" duration-ms="229596">
    <groups>
    </groups>
    <test started-at="2025-01-20T21:40:39 IST" name="Default test" finished-at="2025-01-20T21:44:28 IST" duration-ms="229596">
      <class name="all.AllinOne">
        <test-method is-config="true" signature="setup()[pri:0, instance:all.AllinOne@30990c1b]" started-at="2025-01-20T21:40:39 IST" name="setup" finished-at="2025-01-20T21:40:47 IST" duration-ms="8125" status="PASS">
          <reporter-output>
          </reporter-output>
        </test-method> <!-- setup -->
        <test-method signature="ConfirmationAlert()[pri:0, instance:all.AllinOne@30990c1b]" started-at="2025-01-20T21:40:47 IST" name="ConfirmationAlert" finished-at="2025-01-20T21:40:47 IST" duration-ms="209" status="PASS">
          <reporter-output>
          </reporter-output>
        </test-method> <!-- ConfirmationAlert -->
        <test-method is-config="true" signature="teardown()[pri:0, instance:all.AllinOne@30990c1b]" started-at="2025-01-20T21:40:47 IST" name="teardown" finished-at="2025-01-20T21:40:48 IST" duration-ms="315" status="PASS">
          <reporter-output>
          </reporter-output>
        </test-method> <!-- teardown -->
        <test-method is-config="true" signature="setup()[pri:0, instance:all.AllinOne@30990c1b]" started-at="2025-01-20T21:40:48 IST" name="setup" finished-at="2025-01-20T21:41:00 IST" duration-ms="12402" status="PASS">
          <reporter-output>
          </reporter-output>
        </test-method> <!-- setup -->
        <test-method signature="Countrydrop()[pri:0, instance:all.AllinOne@30990c1b]" started-at="2025-01-20T21:41:00 IST" name="Countrydrop" finished-at="2025-01-20T21:41:04 IST" duration-ms="4503" status="PASS">
          <reporter-output>
          </reporter-output>
        </test-method> <!-- Countrydrop -->
        <test-method is-config="true" signature="teardown()[pri:0, instance:all.AllinOne@30990c1b]" started-at="2025-01-20T21:41:04 IST" name="teardown" finished-at="2025-01-20T21:41:05 IST" duration-ms="403" status="PASS">
          <reporter-output>
          </reporter-output>
        </test-method> <!-- teardown -->
        <test-method is-config="true" signature="setup()[pri:0, instance:all.AllinOne@30990c1b]" started-at="2025-01-20T21:41:05 IST" name="setup" finished-at="2025-01-20T21:41:12 IST" duration-ms="7384" status="PASS">
          <reporter-output>
          </reporter-output>
        </test-method> <!-- setup -->
        <test-method signature="DatePicker1()[pri:0, instance:all.AllinOne@30990c1b]" started-at="2025-01-20T21:41:12 IST" name="DatePicker1" finished-at="2025-01-20T21:41:13 IST" duration-ms="1126" status="PASS">
          <reporter-output>
          </reporter-output>
        </test-method> <!-- DatePicker1 -->
        <test-method is-config="true" signature="teardown()[pri:0, instance:all.AllinOne@30990c1b]" started-at="2025-01-20T21:41:13 IST" name="teardown" finished-at="2025-01-20T21:41:14 IST" duration-ms="314" status="PASS">
          <reporter-output>
          </reporter-output>
        </test-method> <!-- teardown -->
        <test-method is-config="true" signature="setup()[pri:0, instance:all.AllinOne@30990c1b]" started-at="2025-01-20T21:41:14 IST" name="setup" finished-at="2025-01-20T21:41:21 IST" duration-ms="7334" status="PASS">
          <reporter-output>
          </reporter-output>
        </test-method> <!-- setup -->
        <test-method signature="DragAndDrop()[pri:0, instance:all.AllinOne@30990c1b]" started-at="2025-01-20T21:41:21 IST" name="DragAndDrop" finished-at="2025-01-20T21:41:24 IST" duration-ms="3063" status="PASS">
          <reporter-output>
          </reporter-output>
        </test-method> <!-- DragAndDrop -->
        <test-method is-config="true" signature="teardown()[pri:0, instance:all.AllinOne@30990c1b]" started-at="2025-01-20T21:41:24 IST" name="teardown" finished-at="2025-01-20T21:41:24 IST" duration-ms="376" status="PASS">
          <reporter-output>
          </reporter-output>
        </test-method> <!-- teardown -->
        <test-method is-config="true" signature="setup()[pri:0, instance:all.AllinOne@30990c1b]" started-at="2025-01-20T21:41:24 IST" name="setup" finished-at="2025-01-20T21:41:32 IST" duration-ms="7156" status="PASS">
          <reporter-output>
          </reporter-output>
        </test-method> <!-- setup -->
        <test-method signature="Errorcode()[pri:0, instance:all.AllinOne@30990c1b]" started-at="2025-01-20T21:41:32 IST" name="Errorcode" finished-at="2025-01-20T21:41:34 IST" duration-ms="2560" status="PASS">
          <reporter-output>
          </reporter-output>
        </test-method> <!-- Errorcode -->
        <test-method is-config="true" signature="teardown()[pri:0, instance:all.AllinOne@30990c1b]" started-at="2025-01-20T21:41:34 IST" name="teardown" finished-at="2025-01-20T21:41:35 IST" duration-ms="350" status="PASS">
          <reporter-output>
          </reporter-output>
        </test-method> <!-- teardown -->
        <test-method is-config="true" signature="setup()[pri:0, instance:all.AllinOne@30990c1b]" started-at="2025-01-20T21:41:35 IST" name="setup" finished-at="2025-01-20T21:41:42 IST" duration-ms="7793" status="PASS">
          <reporter-output>
          </reporter-output>
        </test-method> <!-- setup -->
        <test-method signature="HiddenElement()[pri:0, instance:all.AllinOne@30990c1b]" started-at="2025-01-20T21:41:42 IST" name="HiddenElement" finished-at="2025-01-20T21:41:49 IST" duration-ms="7036" status="PASS">
          <reporter-output>
          </reporter-output>
        </test-method> <!-- HiddenElement -->
        <test-method is-config="true" signature="teardown()[pri:0, instance:all.AllinOne@30990c1b]" started-at="2025-01-20T21:41:49 IST" name="teardown" finished-at="2025-01-20T21:41:50 IST" duration-ms="355" status="PASS">
          <reporter-output>
          </reporter-output>
        </test-method> <!-- teardown -->
        <test-method is-config="true" signature="setup()[pri:0, instance:all.AllinOne@30990c1b]" started-at="2025-01-20T21:41:50 IST" name="setup" finished-at="2025-01-20T21:41:57 IST" duration-ms="7344" status="PASS">
          <reporter-output>
          </reporter-output>
        </test-method> <!-- setup -->
        <test-method signature="MouseHover()[pri:0, instance:all.AllinOne@30990c1b]" started-at="2025-01-20T21:41:57 IST" name="MouseHover" finished-at="2025-01-20T21:41:57 IST" duration-ms="26" status="PASS">
          <reporter-output>
          </reporter-output>
        </test-method> <!-- MouseHover -->
        <test-method is-config="true" signature="teardown()[pri:0, instance:all.AllinOne@30990c1b]" started-at="2025-01-20T21:41:57 IST" name="teardown" finished-at="2025-01-20T21:41:57 IST" duration-ms="289" status="PASS">
          <reporter-output>
          </reporter-output>
        </test-method> <!-- teardown -->
        <test-method is-config="true" signature="setup()[pri:0, instance:all.AllinOne@30990c1b]" started-at="2025-01-20T21:41:57 IST" name="setup" finished-at="2025-01-20T21:42:04 IST" duration-ms="6629" status="PASS">
          <reporter-output>
          </reporter-output>
        </test-method> <!-- setup -->
        <test-method signature="NewWindow()[pri:0, instance:all.AllinOne@30990c1b]" started-at="2025-01-20T21:42:04 IST" name="NewWindow" finished-at="2025-01-20T21:42:46 IST" duration-ms="42142" status="PASS">
          <reporter-output>
          </reporter-output>
        </test-method> <!-- NewWindow -->
        <test-method is-config="true" signature="teardown()[pri:0, instance:all.AllinOne@30990c1b]" started-at="2025-01-20T21:42:46 IST" name="teardown" finished-at="2025-01-20T21:42:47 IST" duration-ms="397" status="PASS">
          <reporter-output>
          </reporter-output>
        </test-method> <!-- teardown -->
        <test-method is-config="true" signature="setup()[pri:0, instance:all.AllinOne@30990c1b]" started-at="2025-01-20T21:42:47 IST" name="setup" finished-at="2025-01-20T21:42:58 IST" duration-ms="11200" status="PASS">
          <reporter-output>
          </reporter-output>
        </test-method> <!-- setup -->
        <test-method signature="PromptAlert()[pri:0, instance:all.AllinOne@30990c1b]" started-at="2025-01-20T21:42:58 IST" name="PromptAlert" finished-at="2025-01-20T21:43:01 IST" duration-ms="3182" status="PASS">
          <reporter-output>
          </reporter-output>
        </test-method> <!-- PromptAlert -->
        <test-method is-config="true" signature="teardown()[pri:0, instance:all.AllinOne@30990c1b]" started-at="2025-01-20T21:43:01 IST" name="teardown" finished-at="2025-01-20T21:43:01 IST" duration-ms="374" status="PASS">
          <reporter-output>
          </reporter-output>
        </test-method> <!-- teardown -->
        <test-method is-config="true" signature="setup()[pri:0, instance:all.AllinOne@30990c1b]" started-at="2025-01-20T21:43:01 IST" name="setup" finished-at="2025-01-20T21:43:08 IST" duration-ms="6597" status="PASS">
          <reporter-output>
          </reporter-output>
        </test-method> <!-- setup -->
        <test-method signature="ScreeShot()[pri:0, instance:all.AllinOne@30990c1b]" started-at="2025-01-20T21:43:08 IST" name="ScreeShot" finished-at="2025-01-20T21:43:08 IST" duration-ms="339" status="PASS">
          <reporter-output>
          </reporter-output>
        </test-method> <!-- ScreeShot -->
        <test-method is-config="true" signature="teardown()[pri:0, instance:all.AllinOne@30990c1b]" started-at="2025-01-20T21:43:08 IST" name="teardown" finished-at="2025-01-20T21:43:09 IST" duration-ms="381" status="PASS">
          <reporter-output>
          </reporter-output>
        </test-method> <!-- teardown -->
        <test-method is-config="true" signature="setup()[pri:0, instance:all.AllinOne@30990c1b]" started-at="2025-01-20T21:43:09 IST" name="setup" finished-at="2025-01-20T21:43:14 IST" duration-ms="5625" status="PASS">
          <reporter-output>
          </reporter-output>
        </test-method> <!-- setup -->
        <test-method signature="SimpleAlert()[pri:0, instance:all.AllinOne@30990c1b]" started-at="2025-01-20T21:43:14 IST" name="SimpleAlert" finished-at="2025-01-20T21:43:17 IST" duration-ms="3167" status="PASS">
          <reporter-output>
          </reporter-output>
        </test-method> <!-- SimpleAlert -->
        <test-method is-config="true" signature="teardown()[pri:0, instance:all.AllinOne@30990c1b]" started-at="2025-01-20T21:43:17 IST" name="teardown" finished-at="2025-01-20T21:43:18 IST" duration-ms="335" status="PASS">
          <reporter-output>
          </reporter-output>
        </test-method> <!-- teardown -->
        <test-method is-config="true" signature="setup()[pri:0, instance:all.AllinOne@30990c1b]" started-at="2025-01-20T21:43:18 IST" name="setup" finished-at="2025-01-20T21:43:26 IST" duration-ms="8398" status="PASS">
          <reporter-output>
          </reporter-output>
        </test-method> <!-- setup -->
        <test-method signature="daysCheckbox()[pri:0, instance:all.AllinOne@30990c1b]" started-at="2025-01-20T21:43:26 IST" name="daysCheckbox" finished-at="2025-01-20T21:43:30 IST" duration-ms="3301" status="PASS">
          <reporter-output>
          </reporter-output>
        </test-method> <!-- daysCheckbox -->
        <test-method is-config="true" signature="teardown()[pri:0, instance:all.AllinOne@30990c1b]" started-at="2025-01-20T21:43:30 IST" name="teardown" finished-at="2025-01-20T21:43:30 IST" duration-ms="377" status="PASS">
          <reporter-output>
          </reporter-output>
        </test-method> <!-- teardown -->
        <test-method is-config="true" signature="setup()[pri:0, instance:all.AllinOne@30990c1b]" started-at="2025-01-20T21:43:30 IST" name="setup" finished-at="2025-01-20T21:43:38 IST" duration-ms="7982" status="PASS">
          <reporter-output>
          </reporter-output>
        </test-method> <!-- setup -->
        <test-method signature="enterName()[pri:0, instance:all.AllinOne@30990c1b]" started-at="2025-01-20T21:43:38 IST" name="enterName" finished-at="2025-01-20T21:43:42 IST" duration-ms="3850" status="PASS">
          <reporter-output>
          </reporter-output>
        </test-method> <!-- enterName -->
        <test-method is-config="true" signature="teardown()[pri:0, instance:all.AllinOne@30990c1b]" started-at="2025-01-20T21:43:42 IST" name="teardown" finished-at="2025-01-20T21:43:42 IST" duration-ms="441" status="PASS">
          <reporter-output>
          </reporter-output>
        </test-method> <!-- teardown -->
        <test-method is-config="true" signature="setup()[pri:0, instance:all.AllinOne@30990c1b]" started-at="2025-01-20T21:43:42 IST" name="setup" finished-at="2025-01-20T21:43:52 IST" duration-ms="9539" status="PASS">
          <reporter-output>
          </reporter-output>
        </test-method> <!-- setup -->
        <test-method signature="form()[pri:0, instance:all.AllinOne@30990c1b]" started-at="2025-01-20T21:43:52 IST" name="form" finished-at="2025-01-20T21:43:55 IST" duration-ms="3326" status="PASS">
          <reporter-output>
          </reporter-output>
        </test-method> <!-- form -->
        <test-method is-config="true" signature="teardown()[pri:0, instance:all.AllinOne@30990c1b]" started-at="2025-01-20T21:43:55 IST" name="teardown" finished-at="2025-01-20T21:43:55 IST" duration-ms="396" status="PASS">
          <reporter-output>
          </reporter-output>
        </test-method> <!-- teardown -->
        <test-method is-config="true" signature="setup()[pri:0, instance:all.AllinOne@30990c1b]" started-at="2025-01-20T21:43:55 IST" name="setup" finished-at="2025-01-20T21:44:05 IST" duration-ms="9182" status="PASS">
          <reporter-output>
          </reporter-output>
        </test-method> <!-- setup -->
        <test-method signature="gender()[pri:0, instance:all.AllinOne@30990c1b]" started-at="2025-01-20T21:44:05 IST" name="gender" finished-at="2025-01-20T21:44:08 IST" duration-ms="3285" status="PASS">
          <reporter-output>
          </reporter-output>
        </test-method> <!-- gender -->
        <test-method is-config="true" signature="teardown()[pri:0, instance:all.AllinOne@30990c1b]" started-at="2025-01-20T21:44:08 IST" name="teardown" finished-at="2025-01-20T21:44:08 IST" duration-ms="372" status="PASS">
          <reporter-output>
          </reporter-output>
        </test-method> <!-- teardown -->
        <test-method is-config="true" signature="setup()[pri:0, instance:all.AllinOne@30990c1b]" started-at="2025-01-20T21:44:08 IST" name="setup" finished-at="2025-01-20T21:44:17 IST" duration-ms="8758" status="PASS">
          <reporter-output>
          </reporter-output>
        </test-method> <!-- setup -->
        <test-method signature="table()[pri:0, instance:all.AllinOne@30990c1b]" started-at="2025-01-20T21:44:17 IST" name="table" finished-at="2025-01-20T21:44:17 IST" duration-ms="45" status="PASS">
          <reporter-output>
          </reporter-output>
        </test-method> <!-- table -->
        <test-method is-config="true" signature="teardown()[pri:0, instance:all.AllinOne@30990c1b]" started-at="2025-01-20T21:44:17 IST" name="teardown" finished-at="2025-01-20T21:44:17 IST" duration-ms="269" status="PASS">
          <reporter-output>
          </reporter-output>
        </test-method> <!-- teardown -->
        <test-method is-config="true" signature="setup()[pri:0, instance:all.AllinOne@30990c1b]" started-at="2025-01-20T21:44:17 IST" name="setup" finished-at="2025-01-20T21:44:25 IST" duration-ms="7532" status="PASS">
          <reporter-output>
          </reporter-output>
        </test-method> <!-- setup -->
        <test-method signature="uploadFile()[pri:0, instance:all.AllinOne@30990c1b]" started-at="2025-01-20T21:44:25 IST" name="uploadFile" finished-at="2025-01-20T21:44:28 IST" duration-ms="3085" status="PASS">
          <reporter-output>
          </reporter-output>
        </test-method> <!-- uploadFile -->
        <test-method is-config="true" signature="teardown()[pri:0, instance:all.AllinOne@30990c1b]" started-at="2025-01-20T21:44:28 IST" name="teardown" finished-at="2025-01-20T21:44:28 IST" duration-ms="443" status="PASS">
          <reporter-output>
          </reporter-output>
        </test-method> <!-- teardown -->
      </class> <!-- all.AllinOne -->
    </test> <!-- Default test -->
  </suite> <!-- Default suite -->
</testng-results>
